{"C:\\Users\\rodri\\Documents\\programação\\javascript\\delivary-app\\src\\constants\\error.constant.ts": {"path":"C:\\Users\\rodri\\Documents\\programação\\javascript\\delivary-app\\src\\constants\\error.constant.ts","statementMap":{"0":{"start":{"line":1,"column":14},"end":{"line":26,"column":2}},"1":{"start":{"line":28,"column":9},"end":{"line":28,"column":14}}},"fnMap":{},"branchMap":{},"s":{"0":2,"1":2},"f":{},"b":{}}
,"C:\\Users\\rodri\\Documents\\programação\\javascript\\delivary-app\\src\\constants\\success.constant.ts": {"path":"C:\\Users\\rodri\\Documents\\programação\\javascript\\delivary-app\\src\\constants\\success.constant.ts","statementMap":{"0":{"start":{"line":1,"column":13},"end":{"line":1,"column":23}},"1":{"start":{"line":3,"column":16},"end":{"line":18,"column":2}},"2":{"start":{"line":20,"column":9},"end":{"line":20,"column":16}}},"fnMap":{},"branchMap":{},"s":{"0":2,"1":2,"2":2},"f":{},"b":{}}
,"C:\\Users\\rodri\\Documents\\programação\\javascript\\delivary-app\\src\\database\\prismaClient.ts": {"path":"C:\\Users\\rodri\\Documents\\programação\\javascript\\delivary-app\\src\\database\\prismaClient.ts","statementMap":{"0":{"start":{"line":1,"column":0},"end":{"line":1,"column":46}},"1":{"start":{"line":3,"column":15},"end":{"line":3,"column":33}},"2":{"start":{"line":5,"column":9},"end":{"line":5,"column":15}}},"fnMap":{},"branchMap":{},"s":{"0":2,"1":2,"2":2},"f":{},"b":{}}
,"C:\\Users\\rodri\\Documents\\programação\\javascript\\delivary-app\\src\\middleware\\client.middleware.ts": {"path":"C:\\Users\\rodri\\Documents\\programação\\javascript\\delivary-app\\src\\middleware\\client.middleware.ts","statementMap":{"0":{"start":{"line":20,"column":9},"end":{"line":20,"column":25}},"1":{"start":{"line":2,"column":0},"end":{"line":2,"column":52}},"2":{"start":{"line":5,"column":2},"end":{"line":10,"column":3}},"3":{"start":{"line":6,"column":4},"end":{"line":9,"column":7}},"4":{"start":{"line":12,"column":2},"end":{"line":15,"column":5}},"5":{"start":{"line":17,"column":2},"end":{"line":17,"column":9}}},"fnMap":{"0":{"name":"clientMiddleware","decl":{"start":{"line":4,"column":9},"end":{"line":4,"column":25}},"loc":{"start":{"line":4,"column":94},"end":{"line":18,"column":1}}}},"branchMap":{"0":{"loc":{"start":{"line":5,"column":2},"end":{"line":10,"column":3}},"type":"if","locations":[{"start":{"line":5,"column":2},"end":{"line":10,"column":3}}]}},"s":{"0":0,"1":0,"2":0,"3":0,"4":0,"5":0},"f":{"0":0},"b":{"0":[0]}}
,"C:\\Users\\rodri\\Documents\\programação\\javascript\\delivary-app\\src\\modules\\account\\authenticateClient\\authenticateClientController.ts": {"path":"C:\\Users\\rodri\\Documents\\programação\\javascript\\delivary-app\\src\\modules\\account\\authenticateClient\\authenticateClientController.ts","statementMap":{"0":{"start":{"line":2,"column":0},"end":{"line":2,"column":71}},"1":{"start":{"line":3,"column":0},"end":{"line":3,"column":62}},"2":{"start":{"line":7,"column":35},"end":{"line":7,"column":43}},"3":{"start":{"line":9,"column":38},"end":{"line":9,"column":68}},"4":{"start":{"line":11,"column":22},"end":{"line":14,"column":6}},"5":{"start":{"line":16,"column":4},"end":{"line":20,"column":7}},"6":{"start":{"line":5,"column":0},"end":{"line":5,"column":13}}},"fnMap":{"0":{"name":"(anonymous_0)","decl":{"start":{"line":6,"column":2},"end":{"line":6,"column":7}},"loc":{"start":{"line":6,"column":42},"end":{"line":21,"column":3}}}},"branchMap":{},"s":{"0":2,"1":2,"2":1,"3":1,"4":1,"5":1,"6":2},"f":{"0":1},"b":{}}
,"C:\\Users\\rodri\\Documents\\programação\\javascript\\delivary-app\\src\\modules\\account\\authenticateClient\\authenticateClientUseCase.ts": {"path":"C:\\Users\\rodri\\Documents\\programação\\javascript\\delivary-app\\src\\modules\\account\\authenticateClient\\authenticateClientUseCase.ts","statementMap":{"0":{"start":{"line":1,"column":0},"end":{"line":1,"column":58}},"1":{"start":{"line":2,"column":0},"end":{"line":2,"column":56}},"2":{"start":{"line":3,"column":0},"end":{"line":3,"column":33}},"3":{"start":{"line":4,"column":0},"end":{"line":4,"column":36}},"4":{"start":{"line":19,"column":19},"end":{"line":23,"column":6}},"5":{"start":{"line":25,"column":4},"end":{"line":29,"column":5}},"6":{"start":{"line":26,"column":6},"end":{"line":28,"column":8}},"7":{"start":{"line":33,"column":26},"end":{"line":33,"column":66}},"8":{"start":{"line":35,"column":4},"end":{"line":39,"column":5}},"9":{"start":{"line":36,"column":6},"end":{"line":38,"column":8}},"10":{"start":{"line":45,"column":18},"end":{"line":53,"column":null}},"11":{"start":{"line":56,"column":4},"end":{"line":56,"column":21}},"12":{"start":{"line":15,"column":0},"end":{"line":15,"column":13}}},"fnMap":{"0":{"name":"(anonymous_0)","decl":{"start":{"line":16,"column":2},"end":{"line":16,"column":7}},"loc":{"start":{"line":16,"column":59},"end":{"line":57,"column":3}}}},"branchMap":{"0":{"loc":{"start":{"line":25,"column":4},"end":{"line":29,"column":5}},"type":"if","locations":[{"start":{"line":25,"column":4},"end":{"line":29,"column":5}}]},"1":{"loc":{"start":{"line":35,"column":4},"end":{"line":39,"column":5}},"type":"if","locations":[{"start":{"line":35,"column":4},"end":{"line":39,"column":5}}]}},"s":{"0":2,"1":2,"2":2,"3":2,"4":1,"5":1,"6":0,"7":1,"8":1,"9":0,"10":1,"11":1,"12":2},"f":{"0":1},"b":{"0":[0],"1":[0]}}
,"C:\\Users\\rodri\\Documents\\programação\\javascript\\delivary-app\\src\\modules\\client\\useCases\\createClient\\createClientController.ts": {"path":"C:\\Users\\rodri\\Documents\\programação\\javascript\\delivary-app\\src\\modules\\client\\useCases\\createClient\\createClientController.ts","statementMap":{"0":{"start":{"line":2,"column":0},"end":{"line":2,"column":60}},"1":{"start":{"line":3,"column":0},"end":{"line":3,"column":65}},"2":{"start":{"line":4,"column":0},"end":{"line":4,"column":61}},"3":{"start":{"line":8,"column":4},"end":{"line":29,"column":5}},"4":{"start":{"line":9,"column":34},"end":{"line":9,"column":59}},"5":{"start":{"line":11,"column":37},"end":{"line":11,"column":45}},"6":{"start":{"line":13,"column":21},"end":{"line":16,"column":8}},"7":{"start":{"line":18,"column":6},"end":{"line":22,"column":9}},"8":{"start":{"line":24,"column":6},"end":{"line":24,"column":32}},"9":{"start":{"line":25,"column":6},"end":{"line":28,"column":9}},"10":{"start":{"line":6,"column":0},"end":{"line":6,"column":13}}},"fnMap":{"0":{"name":"(anonymous_0)","decl":{"start":{"line":7,"column":2},"end":{"line":7,"column":7}},"loc":{"start":{"line":7,"column":42},"end":{"line":30,"column":3}}}},"branchMap":{},"s":{"0":2,"1":2,"2":2,"3":1,"4":1,"5":1,"6":1,"7":1,"8":0,"9":0,"10":2},"f":{"0":1},"b":{}}
,"C:\\Users\\rodri\\Documents\\programação\\javascript\\delivary-app\\src\\modules\\client\\useCases\\createClient\\createClientUseCase.ts": {"path":"C:\\Users\\rodri\\Documents\\programação\\javascript\\delivary-app\\src\\modules\\client\\useCases\\createClient\\createClientUseCase.ts","statementMap":{"0":{"start":{"line":1,"column":0},"end":{"line":1,"column":59}},"1":{"start":{"line":2,"column":0},"end":{"line":2,"column":30}},"2":{"start":{"line":19,"column":27},"end":{"line":21,"column":6}},"3":{"start":{"line":23,"column":4},"end":{"line":25,"column":5}},"4":{"start":{"line":24,"column":6},"end":{"line":24,"column":28}},"5":{"start":{"line":29,"column":25},"end":{"line":29,"column":49}},"6":{"start":{"line":33,"column":19},"end":{"line":38,"column":6}},"7":{"start":{"line":40,"column":4},"end":{"line":40,"column":18}},"8":{"start":{"line":15,"column":0},"end":{"line":15,"column":13}}},"fnMap":{"0":{"name":"(anonymous_0)","decl":{"start":{"line":16,"column":2},"end":{"line":16,"column":7}},"loc":{"start":{"line":16,"column":53},"end":{"line":41,"column":3}}}},"branchMap":{"0":{"loc":{"start":{"line":23,"column":4},"end":{"line":25,"column":5}},"type":"if","locations":[{"start":{"line":23,"column":4},"end":{"line":25,"column":5}}]}},"s":{"0":2,"1":2,"2":1,"3":1,"4":1,"5":0,"6":0,"7":0,"8":2},"f":{"0":1},"b":{"0":[1]}}
,"C:\\Users\\rodri\\Documents\\programação\\javascript\\delivary-app\\src\\routes\\router.ts": {"path":"C:\\Users\\rodri\\Documents\\programação\\javascript\\delivary-app\\src\\routes\\router.ts","statementMap":{"0":{"start":{"line":1,"column":0},"end":{"line":1,"column":33}},"1":{"start":{"line":2,"column":0},"end":{"line":2,"column":54}},"2":{"start":{"line":4,"column":15},"end":{"line":4,"column":23}},"3":{"start":{"line":8,"column":9},"end":{"line":8,"column":15}},"4":{"start":{"line":6,"column":0},"end":{"line":6,"column":25}}},"fnMap":{},"branchMap":{},"s":{"0":1,"1":1,"2":1,"3":1,"4":1},"f":{},"b":{}}
,"C:\\Users\\rodri\\Documents\\programação\\javascript\\delivary-app\\src\\routes\\client\\client.routes.ts": {"path":"C:\\Users\\rodri\\Documents\\programação\\javascript\\delivary-app\\src\\routes\\client\\client.routes.ts","statementMap":{"0":{"start":{"line":1,"column":0},"end":{"line":1,"column":33}},"1":{"start":{"line":2,"column":0},"end":{"line":2,"column":107}},"2":{"start":{"line":3,"column":0},"end":{"line":3,"column":117}},"3":{"start":{"line":5,"column":21},"end":{"line":5,"column":29}},"4":{"start":{"line":15,"column":9},"end":{"line":15,"column":21}},"5":{"start":{"line":7,"column":31},"end":{"line":7,"column":59}},"6":{"start":{"line":9,"column":0},"end":{"line":9,"column":60}},"7":{"start":{"line":11,"column":37},"end":{"line":11,"column":71}},"8":{"start":{"line":13,"column":0},"end":{"line":13,"column":72}}},"fnMap":{},"branchMap":{},"s":{"0":2,"1":2,"2":2,"3":2,"4":2,"5":2,"6":2,"7":2,"8":2},"f":{},"b":{}}
}
