TN:
SF:src\constants\error.constant.ts
FNF:0
FNH:0
DA:1,2
DA:28,2
LF:2
LH:2
BRF:0
BRH:0
end_of_record
TN:
SF:src\constants\success.constant.ts
FNF:0
FNH:0
DA:1,2
DA:3,2
DA:20,2
LF:3
LH:3
BRF:0
BRH:0
end_of_record
TN:
SF:src\database\prismaClient.ts
FNF:0
FNH:0
DA:1,2
DA:3,2
DA:5,2
LF:3
LH:3
BRF:0
BRH:0
end_of_record
TN:
SF:src\middleware\client.middleware.ts
FN:4,clientMiddleware
FNF:1
FNH:0
FNDA:0,clientMiddleware
DA:2,0
DA:5,0
DA:6,0
DA:12,0
DA:17,0
DA:20,0
LF:6
LH:0
BRDA:5,0,0,0
BRF:1
BRH:0
end_of_record
TN:
SF:src\modules\account\authenticateClient\authenticateClientController.ts
FN:6,(anonymous_0)
FNF:1
FNH:1
FNDA:1,(anonymous_0)
DA:2,2
DA:3,2
DA:5,2
DA:7,1
DA:9,1
DA:11,1
DA:16,1
LF:7
LH:7
BRF:0
BRH:0
end_of_record
TN:
SF:src\modules\account\authenticateClient\authenticateClientUseCase.ts
FN:16,(anonymous_0)
FNF:1
FNH:1
FNDA:1,(anonymous_0)
DA:1,2
DA:2,2
DA:3,2
DA:4,2
DA:15,2
DA:19,1
DA:25,1
DA:26,0
DA:33,1
DA:35,1
DA:36,0
DA:45,1
DA:56,1
LF:13
LH:11
BRDA:25,0,0,0
BRDA:35,1,0,0
BRF:2
BRH:0
end_of_record
TN:
SF:src\modules\client\useCases\createClient\createClientController.ts
FN:7,(anonymous_0)
FNF:1
FNH:1
FNDA:1,(anonymous_0)
DA:2,2
DA:3,2
DA:4,2
DA:6,2
DA:8,1
DA:9,1
DA:11,1
DA:13,1
DA:18,1
DA:24,0
DA:25,0
LF:11
LH:9
BRF:0
BRH:0
end_of_record
TN:
SF:src\modules\client\useCases\createClient\createClientUseCase.ts
FN:16,(anonymous_0)
FNF:1
FNH:1
FNDA:1,(anonymous_0)
DA:1,2
DA:2,2
DA:15,2
DA:19,1
DA:23,1
DA:24,1
DA:29,0
DA:33,0
DA:40,0
LF:9
LH:6
BRDA:23,0,0,1
BRF:1
BRH:1
end_of_record
TN:
SF:src\routes\router.ts
FNF:0
FNH:0
DA:1,1
DA:2,1
DA:4,1
DA:6,1
DA:8,1
LF:5
LH:5
BRF:0
BRH:0
end_of_record
TN:
SF:src\routes\client\client.routes.ts
FNF:0
FNH:0
DA:1,2
DA:2,2
DA:3,2
DA:5,2
DA:7,2
DA:9,2
DA:11,2
DA:13,2
DA:15,2
LF:9
LH:9
BRF:0
BRH:0
end_of_record
